<?xml version="1.0" encoding="UTF-8"?>
<!-- Generated by org.testng.reporters.JUnitReportReporter -->
<testsuite hostname="Mohansai" name="pack.A" tests="1" failures="0" timestamp="20 Sep 2017 17:46:13 GMT" time="0.016" errors="0">
  <testcase name="test" time="0.016" classname="pack.A"/>
</testsuite> <!-- pack.A -->
